c:\users\grief\documents\github\arrowdynamics\katie\katie\debug\vc141.pdb
c:\users\grief\documents\github\arrowdynamics\katie\katie\debug\vc141.idb
c:\users\grief\documents\github\arrowdynamics\katie\katie\debug\game.obj
c:\users\grief\documents\github\arrowdynamics\katie\katie\debug\commandqueue.obj
c:\users\grief\documents\github\arrowdynamics\katie\katie\debug\main.obj
c:\users\grief\documents\github\arrowdynamics\katie\katie\debug\update.obj
c:\users\grief\documents\github\arrowdynamics\katie\katie\debug\statestack.obj
c:\users\grief\documents\github\arrowdynamics\katie\katie\debug\state.obj
c:\users\grief\documents\github\arrowdynamics\katie\katie\debug\player.obj
c:\users\grief\documents\github\arrowdynamics\katie\katie\debug\object.obj
c:\users\grief\documents\github\arrowdynamics\katie\katie\debug\input.obj
c:\users\grief\documents\github\arrowdynamics\katie\katie\debug\engine.obj
c:\users\grief\documents\github\arrowdynamics\katie\katie\debug\draw.obj
c:\users\grief\documents\github\arrowdynamics\katie\katie\debug\context.obj
c:\users\grief\documents\github\arrowdynamics\katie\debug\katie.exe
c:\users\grief\documents\github\arrowdynamics\katie\debug\katie.ilk
c:\users\grief\documents\github\arrowdynamics\katie\debug\katie.pdb
c:\users\grief\documents\github\arrowdynamics\katie\katie\debug\pch.obj
c:\users\grief\documents\github\arrowdynamics\katie\katie\debug\katie.pch
c:\users\grief\documents\github\arrowdynamics\katie\katie\debug\katie.tlog\cl.command.1.tlog
c:\users\grief\documents\github\arrowdynamics\katie\katie\debug\katie.tlog\cl.read.1.tlog
c:\users\grief\documents\github\arrowdynamics\katie\katie\debug\katie.tlog\cl.write.1.tlog
c:\users\grief\documents\github\arrowdynamics\katie\katie\debug\katie.tlog\link.command.1.tlog
c:\users\grief\documents\github\arrowdynamics\katie\katie\debug\katie.tlog\link.read.1.tlog
c:\users\grief\documents\github\arrowdynamics\katie\katie\debug\katie.tlog\link.write.1.tlog
